[    1114ms] [ERROR] Failed to load resource: the server responded with a status of 404 () @ https://atlassian.design/components/modal-dialog/examples#danger:0
[    3992ms] [WARNING] {msg: An error has occurred checking the feature gate. Only the first occurrence of this error is logged., gateName: platform_index_emoji_just_in_time, error: Error: Client must be initialized before using this method
    at Object.assertInitialized (https:/…} @ https://atlassian.design/app-f36a039458e0d30d7a94.js:329
[    5418ms] Error: Minified React error #418; visit https://reactjs.org/docs/error-decoder.html?invariant=418 for the full message or use the non-minified dev environment for full errors and additional helpful warnings.
    at sa (https://atlassian.design/framework-a60a34d6bfc467d76d1c.js:2:48540)
    at xi (https://atlassian.design/framework-a60a34d6bfc467d76d1c.js:2:121172)
    at bs (https://atlassian.design/framework-a60a34d6bfc467d76d1c.js:2:108742)
    at vs (https://atlassian.design/framework-a60a34d6bfc467d76d1c.js:2:108670)
    at gs (https://atlassian.design/framework-a60a34d6bfc467d76d1c.js:2:108533)
    at ls (https://atlassian.design/framework-a60a34d6bfc467d76d1c.js:2:103696)
    at S (https://atlassian.design/framework-a60a34d6bfc467d76d1c.js:2:130265)
    at MessagePort.T (https://atlassian.design/framework-a60a34d6bfc467d76d1c.js:2:130797)
[    5420ms] Error: Minified React error #418; visit https://reactjs.org/docs/error-decoder.html?invariant=418 for the full message or use the non-minified dev environment for full errors and additional helpful warnings.
    at sa (https://atlassian.design/framework-a60a34d6bfc467d76d1c.js:2:48540)
    at xi (https://atlassian.design/framework-a60a34d6bfc467d76d1c.js:2:121172)
    at bs (https://atlassian.design/framework-a60a34d6bfc467d76d1c.js:2:108742)
    at vs (https://atlassian.design/framework-a60a34d6bfc467d76d1c.js:2:108670)
    at gs (https://atlassian.design/framework-a60a34d6bfc467d76d1c.js:2:108533)
    at ls (https://atlassian.design/framework-a60a34d6bfc467d76d1c.js:2:103696)
    at S (https://atlassian.design/framework-a60a34d6bfc467d76d1c.js:2:130265)
    at MessagePort.T (https://atlassian.design/framework-a60a34d6bfc467d76d1c.js:2:130797)
[    5421ms] Error: Minified React error #418; visit https://reactjs.org/docs/error-decoder.html?invariant=418 for the full message or use the non-minified dev environment for full errors and additional helpful warnings.
    at sa (https://atlassian.design/framework-a60a34d6bfc467d76d1c.js:2:48540)
    at xi (https://atlassian.design/framework-a60a34d6bfc467d76d1c.js:2:121172)
    at bs (https://atlassian.design/framework-a60a34d6bfc467d76d1c.js:2:108742)
    at vs (https://atlassian.design/framework-a60a34d6bfc467d76d1c.js:2:108670)
    at gs (https://atlassian.design/framework-a60a34d6bfc467d76d1c.js:2:108533)
    at ls (https://atlassian.design/framework-a60a34d6bfc467d76d1c.js:2:103696)
    at S (https://atlassian.design/framework-a60a34d6bfc467d76d1c.js:2:130265)
    at MessagePort.T (https://atlassian.design/framework-a60a34d6bfc467d76d1c.js:2:130797)
[    5421ms] Error: Minified React error #418; visit https://reactjs.org/docs/error-decoder.html?invariant=418 for the full message or use the non-minified dev environment for full errors and additional helpful warnings.
    at sa (https://atlassian.design/framework-a60a34d6bfc467d76d1c.js:2:48540)
    at xi (https://atlassian.design/framework-a60a34d6bfc467d76d1c.js:2:121172)
    at bs (https://atlassian.design/framework-a60a34d6bfc467d76d1c.js:2:108742)
    at vs (https://atlassian.design/framework-a60a34d6bfc467d76d1c.js:2:108670)
    at gs (https://atlassian.design/framework-a60a34d6bfc467d76d1c.js:2:108533)
    at ls (https://atlassian.design/framework-a60a34d6bfc467d76d1c.js:2:103696)
    at S (https://atlassian.design/framework-a60a34d6bfc467d76d1c.js:2:130265)
    at MessagePort.T (https://atlassian.design/framework-a60a34d6bfc467d76d1c.js:2:130797)
[    5422ms] Error: Minified React error #418; visit https://reactjs.org/docs/error-decoder.html?invariant=418 for the full message or use the non-minified dev environment for full errors and additional helpful warnings.
    at sa (https://atlassian.design/framework-a60a34d6bfc467d76d1c.js:2:48540)
    at xi (https://atlassian.design/framework-a60a34d6bfc467d76d1c.js:2:121172)
    at bs (https://atlassian.design/framework-a60a34d6bfc467d76d1c.js:2:108742)
    at vs (https://atlassian.design/framework-a60a34d6bfc467d76d1c.js:2:108670)
    at gs (https://atlassian.design/framework-a60a34d6bfc467d76d1c.js:2:108533)
    at ls (https://atlassian.design/framework-a60a34d6bfc467d76d1c.js:2:103696)
    at S (https://atlassian.design/framework-a60a34d6bfc467d76d1c.js:2:130265)
    at MessagePort.T (https://atlassian.design/framework-a60a34d6bfc467d76d1c.js:2:130797)
[    5422ms] Error: Minified React error #418; visit https://reactjs.org/docs/error-decoder.html?invariant=418 for the full message or use the non-minified dev environment for full errors and additional helpful warnings.
    at sa (https://atlassian.design/framework-a60a34d6bfc467d76d1c.js:2:48540)
    at xi (https://atlassian.design/framework-a60a34d6bfc467d76d1c.js:2:121172)
    at bs (https://atlassian.design/framework-a60a34d6bfc467d76d1c.js:2:108742)
    at vs (https://atlassian.design/framework-a60a34d6bfc467d76d1c.js:2:108670)
    at gs (https://atlassian.design/framework-a60a34d6bfc467d76d1c.js:2:108533)
    at ls (https://atlassian.design/framework-a60a34d6bfc467d76d1c.js:2:103696)
    at S (https://atlassian.design/framework-a60a34d6bfc467d76d1c.js:2:130265)
    at MessagePort.T (https://atlassian.design/framework-a60a34d6bfc467d76d1c.js:2:130797)
[    5424ms] Error: Minified React error #418; visit https://reactjs.org/docs/error-decoder.html?invariant=418 for the full message or use the non-minified dev environment for full errors and additional helpful warnings.
    at sa (https://atlassian.design/framework-a60a34d6bfc467d76d1c.js:2:48540)
    at xi (https://atlassian.design/framework-a60a34d6bfc467d76d1c.js:2:121172)
    at bs (https://atlassian.design/framework-a60a34d6bfc467d76d1c.js:2:108742)
    at vs (https://atlassian.design/framework-a60a34d6bfc467d76d1c.js:2:108670)
    at gs (https://atlassian.design/framework-a60a34d6bfc467d76d1c.js:2:108533)
    at ls (https://atlassian.design/framework-a60a34d6bfc467d76d1c.js:2:103696)
    at S (https://atlassian.design/framework-a60a34d6bfc467d76d1c.js:2:130265)
    at MessagePort.T (https://atlassian.design/framework-a60a34d6bfc467d76d1c.js:2:130797)
[    5424ms] Error: Minified React error #418; visit https://reactjs.org/docs/error-decoder.html?invariant=418 for the full message or use the non-minified dev environment for full errors and additional helpful warnings.
    at sa (https://atlassian.design/framework-a60a34d6bfc467d76d1c.js:2:48540)
    at xi (https://atlassian.design/framework-a60a34d6bfc467d76d1c.js:2:121172)
    at bs (https://atlassian.design/framework-a60a34d6bfc467d76d1c.js:2:108742)
    at vs (https://atlassian.design/framework-a60a34d6bfc467d76d1c.js:2:108670)
    at gs (https://atlassian.design/framework-a60a34d6bfc467d76d1c.js:2:108533)
    at ls (https://atlassian.design/framework-a60a34d6bfc467d76d1c.js:2:103696)
    at S (https://atlassian.design/framework-a60a34d6bfc467d76d1c.js:2:130265)
    at MessagePort.T (https://atlassian.design/framework-a60a34d6bfc467d76d1c.js:2:130797)
[    5425ms] Error: Minified React error #418; visit https://reactjs.org/docs/error-decoder.html?invariant=418 for the full message or use the non-minified dev environment for full errors and additional helpful warnings.
    at sa (https://atlassian.design/framework-a60a34d6bfc467d76d1c.js:2:48540)
    at xi (https://atlassian.design/framework-a60a34d6bfc467d76d1c.js:2:121172)
    at bs (https://atlassian.design/framework-a60a34d6bfc467d76d1c.js:2:108742)
    at vs (https://atlassian.design/framework-a60a34d6bfc467d76d1c.js:2:108670)
    at gs (https://atlassian.design/framework-a60a34d6bfc467d76d1c.js:2:108533)
    at ls (https://atlassian.design/framework-a60a34d6bfc467d76d1c.js:2:103696)
    at S (https://atlassian.design/framework-a60a34d6bfc467d76d1c.js:2:130265)
    at MessagePort.T (https://atlassian.design/framework-a60a34d6bfc467d76d1c.js:2:130797)
[    5426ms] Error: Minified React error #423; visit https://reactjs.org/docs/error-decoder.html?invariant=423 for the full message or use the non-minified dev environment for full errors and additional helpful warnings.
    at xi (https://atlassian.design/framework-a60a34d6bfc467d76d1c.js:2:120858)
    at bs (https://atlassian.design/framework-a60a34d6bfc467d76d1c.js:2:108742)
    at vs (https://atlassian.design/framework-a60a34d6bfc467d76d1c.js:2:108670)
    at gs (https://atlassian.design/framework-a60a34d6bfc467d76d1c.js:2:108533)
    at as (https://atlassian.design/framework-a60a34d6bfc467d76d1c.js:2:105368)
    at ls (https://atlassian.design/framework-a60a34d6bfc467d76d1c.js:2:103923)
    at S (https://atlassian.design/framework-a60a34d6bfc467d76d1c.js:2:130265)
    at MessagePort.T (https://atlassian.design/framework-a60a34d6bfc467d76d1c.js:2:130797)
