[  404593ms] [ERROR] Failed to load resource: net::ERR_NAME_NOT_RESOLVED @ https://rtb-eu-warsaw.intent.ai/um/y:0
[  405723ms] [ERROR] Failed to load resource: the server responded with a status of 404 () @ https://yandex.ru/an/mapuid/onetargetis/10e282ff-2bd3-451f-ab10-cdae05b37595:0
[  412045ms] [ERROR] Failed to load resource: net::ERR_CONNECTION_CLOSED @ https://sync.gonet-ads.com/match/yandex?id=[buyerUid]:0
[  413930ms] [ERROR] Failed to load resource: net::ERR_TIMED_OUT @ https://a.adspector.io/sync?ssp=69:0
[  414082ms] [ERROR] Failed to load resource: net::ERR_TIMED_OUT @ https://bs.serving-sys.ru/Serving/adServer.bs?cn=sync&c=2&pli=1088653317&rtu=https%3A%2F%2Fyandex.ru%2Fan%2Fmapuid%2Fyaadserving%2F:0
[  414883ms] [ERROR] Failed to load resource: net::ERR_TIMED_OUT @ https://cmr.bidderstack.com/yandex/cm?user_id=:0
[  415951ms] [ERROR] Failed to load resource: net::ERR_TIMED_OUT @ https://cr-frontend.weborama-tech.ru/cr?key=yandex&url=https%3A%2F%2Fyandex.ru%2Fan%2Fmapuid%2Fdmpweborama%2F{WEBO_CID}:0
[  416095ms] [ERROR] Failed to load resource: net::ERR_TIMED_OUT @ https://dmg.digitaltarget.ru/1/119/i/i?i=1772110718:0
[  417227ms] [ERROR] Failed to load resource: net::ERR_TIMED_OUT @ https://exchange.buzzoola.com/cookiesync/redirect/yandex?redirect_url=https%3A%2F%2Fyandex.ru%2Fan%2Fmapuid%2Fbuzzooladspis%2F%24%7BUUID%7D:0
[  418534ms] [ERROR] Failed to load resource: net::ERR_TIMED_OUT @ https://exchange.buzzoola.com/cookiesync/redirect?redirect_url=https%3A%2F%2Fkimberlite.io%2Frtb%2Fsync%2Fbuzzoola%3Fu%3D%24%7BUUID%7D%26f%3Dhttp%253A%252F%252Fyandex.ru%252Fan%252Fmapuid%252Fsoltadspis%252FaaBDhZRig54%26n%3D1:0
[  431537ms] [ERROR] Failed to load resource: net::ERR_TIMED_OUT @ https://match.new-programmatic.com/userbind?src=yandex&pbf=1&gi=1:0
[  431644ms] [ERROR] Failed to load resource: net::ERR_TIMED_OUT @ https://px.adhigh.net/p/cm/yandexssp:0
[  431654ms] [ERROR] Failed to load resource: net::ERR_TIMED_OUT @ https://match.targetrtb.com/userbind?src=yandex&pbf=1&gi=1:0
[  431654ms] [ERROR] Failed to load resource: net::ERR_TIMED_OUT @ https://rtb.dynotech.io/yndx/sync/:0
[  432054ms] [ERROR] Failed to load resource: net::ERR_TIMED_OUT @ https://sm.rtb.mts.ru/p?ssp=yandex&id=map:0
[  432057ms] [ERROR] Failed to load resource: net::ERR_TIMED_OUT @ https://ssp.adriver.ru/cgi-bin/sync.cgi?dsp_id=109:0
[  432057ms] [ERROR] Failed to load resource: net::ERR_TIMED_OUT @ https://ssp.adriver.ru/cgi-bin/sync.cgi?ssp_id=19:0
[  432060ms] [ERROR] Failed to load resource: net::ERR_TIMED_OUT @ https://mitdmp.whiteboxdigital.ru/pixel?id=a&source=yandex&redirect=false&href=https%3A%2F%2Fyandex.ru%2Fan%2Fmapuid%2Fqbitis%2F%7Bmiid%7D:0
[  432282ms] [ERROR] Failed to load resource: net::ERR_TIMED_OUT @ https://shopnetic.com/api/rtb/dmp/pixel?partner=yandex:0
[  432293ms] [ERROR] Failed to load resource: net::ERR_TIMED_OUT @ https://sp.linkssp.ru/cm?key=e4fb10164a09f3d874b563de89b97a56&location=http%3A%2F%2Fyandex.ru%2Fan%2Fmapuid%2Flinksspis%2F%7Buid%7D:0
[  432789ms] [ERROR] Failed to load resource: net::ERR_TIMED_OUT @ https://tracker.smartcallback.ru/matching/yandex-direct:0
[  432791ms] [ERROR] Failed to load resource: net::ERR_TIMED_OUT @ https://tt.ttarget.ru/rtb/ya/sync:0
[  433178ms] [ERROR] Failed to load resource: net::ERR_TIMED_OUT @ https://x01.aidata.io/0.gif?pid=YANDEX:0
[  433178ms] [ERROR] Failed to load resource: net::ERR_TIMED_OUT @ https://yandex-dmp-sync.rutarget.ru/sync:0
[  433271ms] [ERROR] Failed to load resource: net::ERR_TIMED_OUT @ https://yandex-sync.rutarget.ru/sync:0
[  434476ms] [ERROR] Failed to load resource: net::ERR_TIMED_OUT @ https://sync.rambler.ru/set?partner_id=36a1b4b3-9d59-479f-85db-186cc7b166c5&id=46BDDDBEB77A4D9F:0
[  438722ms] [ERROR] Failed to load resource: net::ERR_TIMED_OUT @ https://exchange.buzzoola.com/cookiesync/redirect?redirect_url=https%3A%2F%2Fkimberlite.io%2Frtb%2Fsync%2Fbuzzoola%3Fu%3D%24%7BUUID%7D%26f%3Dhttp%253A%252F%252Fyandex.ru%252Fan%252Fmapuid%252Fsoltadspis%252FaaBDhZRig54%26n%3D1:0
[  404593ms] [ERROR] Failed to load resource: net::ERR_NAME_NOT_RESOLVED @ https://rtb-eu-warsaw.intent.ai/um/y:0
[  405723ms] [ERROR] Failed to load resource: the server responded with a status of 404 () @ https://yandex.ru/an/mapuid/onetargetis/10e282ff-2bd3-451f-ab10-cdae05b37595:0
[  412045ms] [ERROR] Failed to load resource: net::ERR_CONNECTION_CLOSED @ https://sync.gonet-ads.com/match/yandex?id=[buyerUid]:0
[  413930ms] [ERROR] Failed to load resource: net::ERR_TIMED_OUT @ https://a.adspector.io/sync?ssp=69:0
[  414082ms] [ERROR] Failed to load resource: net::ERR_TIMED_OUT @ https://bs.serving-sys.ru/Serving/adServer.bs?cn=sync&c=2&pli=1088653317&rtu=https%3A%2F%2Fyandex.ru%2Fan%2Fmapuid%2Fyaadserving%2F:0
[  414883ms] [ERROR] Failed to load resource: net::ERR_TIMED_OUT @ https://cmr.bidderstack.com/yandex/cm?user_id=:0
[  415951ms] [ERROR] Failed to load resource: net::ERR_TIMED_OUT @ https://cr-frontend.weborama-tech.ru/cr?key=yandex&url=https%3A%2F%2Fyandex.ru%2Fan%2Fmapuid%2Fdmpweborama%2F{WEBO_CID}:0
[  416095ms] [ERROR] Failed to load resource: net::ERR_TIMED_OUT @ https://dmg.digitaltarget.ru/1/119/i/i?i=1772110718:0
[  417227ms] [ERROR] Failed to load resource: net::ERR_TIMED_OUT @ https://exchange.buzzoola.com/cookiesync/redirect/yandex?redirect_url=https%3A%2F%2Fyandex.ru%2Fan%2Fmapuid%2Fbuzzooladspis%2F%24%7BUUID%7D:0
[  418534ms] [ERROR] Failed to load resource: net::ERR_TIMED_OUT @ https://exchange.buzzoola.com/cookiesync/redirect?redirect_url=https%3A%2F%2Fkimberlite.io%2Frtb%2Fsync%2Fbuzzoola%3Fu%3D%24%7BUUID%7D%26f%3Dhttp%253A%252F%252Fyandex.ru%252Fan%252Fmapuid%252Fsoltadspis%252FaaBDhZRig54%26n%3D1:0
[  431537ms] [ERROR] Failed to load resource: net::ERR_TIMED_OUT @ https://match.new-programmatic.com/userbind?src=yandex&pbf=1&gi=1:0
[  431644ms] [ERROR] Failed to load resource: net::ERR_TIMED_OUT @ https://px.adhigh.net/p/cm/yandexssp:0
[  431654ms] [ERROR] Failed to load resource: net::ERR_TIMED_OUT @ https://match.targetrtb.com/userbind?src=yandex&pbf=1&gi=1:0
[  431654ms] [ERROR] Failed to load resource: net::ERR_TIMED_OUT @ https://rtb.dynotech.io/yndx/sync/:0
[  432054ms] [ERROR] Failed to load resource: net::ERR_TIMED_OUT @ https://sm.rtb.mts.ru/p?ssp=yandex&id=map:0
[  432057ms] [ERROR] Failed to load resource: net::ERR_TIMED_OUT @ https://ssp.adriver.ru/cgi-bin/sync.cgi?dsp_id=109:0
[  432057ms] [ERROR] Failed to load resource: net::ERR_TIMED_OUT @ https://ssp.adriver.ru/cgi-bin/sync.cgi?ssp_id=19:0
[  432060ms] [ERROR] Failed to load resource: net::ERR_TIMED_OUT @ https://mitdmp.whiteboxdigital.ru/pixel?id=a&source=yandex&redirect=false&href=https%3A%2F%2Fyandex.ru%2Fan%2Fmapuid%2Fqbitis%2F%7Bmiid%7D:0
[  432282ms] [ERROR] Failed to load resource: net::ERR_TIMED_OUT @ https://shopnetic.com/api/rtb/dmp/pixel?partner=yandex:0
[  432293ms] [ERROR] Failed to load resource: net::ERR_TIMED_OUT @ https://sp.linkssp.ru/cm?key=e4fb10164a09f3d874b563de89b97a56&location=http%3A%2F%2Fyandex.ru%2Fan%2Fmapuid%2Flinksspis%2F%7Buid%7D:0
[  432789ms] [ERROR] Failed to load resource: net::ERR_TIMED_OUT @ https://tracker.smartcallback.ru/matching/yandex-direct:0
[  432791ms] [ERROR] Failed to load resource: net::ERR_TIMED_OUT @ https://tt.ttarget.ru/rtb/ya/sync:0
[  433178ms] [ERROR] Failed to load resource: net::ERR_TIMED_OUT @ https://x01.aidata.io/0.gif?pid=YANDEX:0
[  433178ms] [ERROR] Failed to load resource: net::ERR_TIMED_OUT @ https://yandex-dmp-sync.rutarget.ru/sync:0
[  433271ms] [ERROR] Failed to load resource: net::ERR_TIMED_OUT @ https://yandex-sync.rutarget.ru/sync:0
[  434476ms] [ERROR] Failed to load resource: net::ERR_TIMED_OUT @ https://sync.rambler.ru/set?partner_id=36a1b4b3-9d59-479f-85db-186cc7b166c5&id=46BDDDBEB77A4D9F:0
[  438722ms] [ERROR] Failed to load resource: net::ERR_TIMED_OUT @ https://exchange.buzzoola.com/cookiesync/redirect?redirect_url=https%3A%2F%2Fkimberlite.io%2Frtb%2Fsync%2Fbuzzoola%3Fu%3D%24%7BUUID%7D%26f%3Dhttp%253A%252F%252Fyandex.ru%252Fan%252Fmapuid%252Fsoltadspis%252FaaBDhZRig54%26n%3D1:0
[  515882ms] [ERROR] Failed to load resource: net::ERR_TIMED_OUT @ https://bs.serving-sys.ru/Serving/adServer.bs?cn=display&c=19&pli=1088837404&adid=1088837405&ord=264470270&viewability-undetermined=0:0
[  577482ms] [ERROR] Failed to load resource: the server responded with a status of 504 () @ https://verify.yandex.ru/verify_smartis/register/yandex-direct/impression?campaign_id=707363206&ad_id=17609536941&keyword=%7Bkeyword%7D&device_type=desktop&source=habr.com&source_type=context&region_name=%D0%9C%D0%BE%D1%81%D0%BA%D0%B2%D0%B0&yclid=6181859074198470655&clientid=5&rnd=656323428&yandexuid=7243566118653291641&banner-id=72057611647464877&order-id=707363206&hit-log-id=850319550679620796&viewability-undetermined=0:0
[  607162ms] [ERROR] Failed to load resource: net::ERR_TIMED_OUT @ https://ad.adriver.ru/cgi-bin/rle.cgi?sid=1&bt=55&ad=833556&pid=4729208&bid=13999929&bn=13999929&exss=&exs0=yandex&exs6=%D0%9C%D0%BE%D1%81%D0%BA%D0%B2%D0%B0%2C213&exs10=&exs11=&exs12=&exs13=&exs14=&rnd=294330635&viewability-undetermined=0:0
[  404593ms] [ERROR] Failed to load resource: net::ERR_NAME_NOT_RESOLVED @ https://rtb-eu-warsaw.intent.ai/um/y:0
[  405723ms] [ERROR] Failed to load resource: the server responded with a status of 404 () @ https://yandex.ru/an/mapuid/onetargetis/10e282ff-2bd3-451f-ab10-cdae05b37595:0
[  412045ms] [ERROR] Failed to load resource: net::ERR_CONNECTION_CLOSED @ https://sync.gonet-ads.com/match/yandex?id=[buyerUid]:0
[  413930ms] [ERROR] Failed to load resource: net::ERR_TIMED_OUT @ https://a.adspector.io/sync?ssp=69:0
[  414082ms] [ERROR] Failed to load resource: net::ERR_TIMED_OUT @ https://bs.serving-sys.ru/Serving/adServer.bs?cn=sync&c=2&pli=1088653317&rtu=https%3A%2F%2Fyandex.ru%2Fan%2Fmapuid%2Fyaadserving%2F:0
[  414883ms] [ERROR] Failed to load resource: net::ERR_TIMED_OUT @ https://cmr.bidderstack.com/yandex/cm?user_id=:0
[  415951ms] [ERROR] Failed to load resource: net::ERR_TIMED_OUT @ https://cr-frontend.weborama-tech.ru/cr?key=yandex&url=https%3A%2F%2Fyandex.ru%2Fan%2Fmapuid%2Fdmpweborama%2F{WEBO_CID}:0
[  416095ms] [ERROR] Failed to load resource: net::ERR_TIMED_OUT @ https://dmg.digitaltarget.ru/1/119/i/i?i=1772110718:0
[  417227ms] [ERROR] Failed to load resource: net::ERR_TIMED_OUT @ https://exchange.buzzoola.com/cookiesync/redirect/yandex?redirect_url=https%3A%2F%2Fyandex.ru%2Fan%2Fmapuid%2Fbuzzooladspis%2F%24%7BUUID%7D:0
[  418534ms] [ERROR] Failed to load resource: net::ERR_TIMED_OUT @ https://exchange.buzzoola.com/cookiesync/redirect?redirect_url=https%3A%2F%2Fkimberlite.io%2Frtb%2Fsync%2Fbuzzoola%3Fu%3D%24%7BUUID%7D%26f%3Dhttp%253A%252F%252Fyandex.ru%252Fan%252Fmapuid%252Fsoltadspis%252FaaBDhZRig54%26n%3D1:0
[  431537ms] [ERROR] Failed to load resource: net::ERR_TIMED_OUT @ https://match.new-programmatic.com/userbind?src=yandex&pbf=1&gi=1:0
[  431644ms] [ERROR] Failed to load resource: net::ERR_TIMED_OUT @ https://px.adhigh.net/p/cm/yandexssp:0
[  431654ms] [ERROR] Failed to load resource: net::ERR_TIMED_OUT @ https://match.targetrtb.com/userbind?src=yandex&pbf=1&gi=1:0
[  431654ms] [ERROR] Failed to load resource: net::ERR_TIMED_OUT @ https://rtb.dynotech.io/yndx/sync/:0
[  432054ms] [ERROR] Failed to load resource: net::ERR_TIMED_OUT @ https://sm.rtb.mts.ru/p?ssp=yandex&id=map:0
[  432057ms] [ERROR] Failed to load resource: net::ERR_TIMED_OUT @ https://ssp.adriver.ru/cgi-bin/sync.cgi?dsp_id=109:0
[  432057ms] [ERROR] Failed to load resource: net::ERR_TIMED_OUT @ https://ssp.adriver.ru/cgi-bin/sync.cgi?ssp_id=19:0
[  432060ms] [ERROR] Failed to load resource: net::ERR_TIMED_OUT @ https://mitdmp.whiteboxdigital.ru/pixel?id=a&source=yandex&redirect=false&href=https%3A%2F%2Fyandex.ru%2Fan%2Fmapuid%2Fqbitis%2F%7Bmiid%7D:0
[  432282ms] [ERROR] Failed to load resource: net::ERR_TIMED_OUT @ https://shopnetic.com/api/rtb/dmp/pixel?partner=yandex:0
[  432293ms] [ERROR] Failed to load resource: net::ERR_TIMED_OUT @ https://sp.linkssp.ru/cm?key=e4fb10164a09f3d874b563de89b97a56&location=http%3A%2F%2Fyandex.ru%2Fan%2Fmapuid%2Flinksspis%2F%7Buid%7D:0
[  432789ms] [ERROR] Failed to load resource: net::ERR_TIMED_OUT @ https://tracker.smartcallback.ru/matching/yandex-direct:0
[  432791ms] [ERROR] Failed to load resource: net::ERR_TIMED_OUT @ https://tt.ttarget.ru/rtb/ya/sync:0
[  433178ms] [ERROR] Failed to load resource: net::ERR_TIMED_OUT @ https://x01.aidata.io/0.gif?pid=YANDEX:0
[  433178ms] [ERROR] Failed to load resource: net::ERR_TIMED_OUT @ https://yandex-dmp-sync.rutarget.ru/sync:0
[  433271ms] [ERROR] Failed to load resource: net::ERR_TIMED_OUT @ https://yandex-sync.rutarget.ru/sync:0
[  434476ms] [ERROR] Failed to load resource: net::ERR_TIMED_OUT @ https://sync.rambler.ru/set?partner_id=36a1b4b3-9d59-479f-85db-186cc7b166c5&id=46BDDDBEB77A4D9F:0
[  438722ms] [ERROR] Failed to load resource: net::ERR_TIMED_OUT @ https://exchange.buzzoola.com/cookiesync/redirect?redirect_url=https%3A%2F%2Fkimberlite.io%2Frtb%2Fsync%2Fbuzzoola%3Fu%3D%24%7BUUID%7D%26f%3Dhttp%253A%252F%252Fyandex.ru%252Fan%252Fmapuid%252Fsoltadspis%252FaaBDhZRig54%26n%3D1:0
[  669332ms] [ERROR] Failed to load resource: net::ERR_TIMED_OUT @ https://ad.adriver.ru/cgi-bin/rle.cgi?sid=1&bt=55&ad=833380&pid=4726383&bid=13986511&bn=13986511&exss=&exs0=yandex&exs6=%D0%9C%D0%BE%D1%81%D0%BA%D0%B2%D0%B0%2C213&exs10=&exs11=&exs12=&exs13=&exs14=&rnd=1112700215&viewability-undetermined=0:0
[  404593ms] [ERROR] Failed to load resource: net::ERR_NAME_NOT_RESOLVED @ https://rtb-eu-warsaw.intent.ai/um/y:0
[  405723ms] [ERROR] Failed to load resource: the server responded with a status of 404 () @ https://yandex.ru/an/mapuid/onetargetis/10e282ff-2bd3-451f-ab10-cdae05b37595:0
[  412045ms] [ERROR] Failed to load resource: net::ERR_CONNECTION_CLOSED @ https://sync.gonet-ads.com/match/yandex?id=[buyerUid]:0
[  413930ms] [ERROR] Failed to load resource: net::ERR_TIMED_OUT @ https://a.adspector.io/sync?ssp=69:0
[  414082ms] [ERROR] Failed to load resource: net::ERR_TIMED_OUT @ https://bs.serving-sys.ru/Serving/adServer.bs?cn=sync&c=2&pli=1088653317&rtu=https%3A%2F%2Fyandex.ru%2Fan%2Fmapuid%2Fyaadserving%2F:0
[  414883ms] [ERROR] Failed to load resource: net::ERR_TIMED_OUT @ https://cmr.bidderstack.com/yandex/cm?user_id=:0
[  415951ms] [ERROR] Failed to load resource: net::ERR_TIMED_OUT @ https://cr-frontend.weborama-tech.ru/cr?key=yandex&url=https%3A%2F%2Fyandex.ru%2Fan%2Fmapuid%2Fdmpweborama%2F{WEBO_CID}:0
[  416095ms] [ERROR] Failed to load resource: net::ERR_TIMED_OUT @ https://dmg.digitaltarget.ru/1/119/i/i?i=1772110718:0
[  417227ms] [ERROR] Failed to load resource: net::ERR_TIMED_OUT @ https://exchange.buzzoola.com/cookiesync/redirect/yandex?redirect_url=https%3A%2F%2Fyandex.ru%2Fan%2Fmapuid%2Fbuzzooladspis%2F%24%7BUUID%7D:0
[  418534ms] [ERROR] Failed to load resource: net::ERR_TIMED_OUT @ https://exchange.buzzoola.com/cookiesync/redirect?redirect_url=https%3A%2F%2Fkimberlite.io%2Frtb%2Fsync%2Fbuzzoola%3Fu%3D%24%7BUUID%7D%26f%3Dhttp%253A%252F%252Fyandex.ru%252Fan%252Fmapuid%252Fsoltadspis%252FaaBDhZRig54%26n%3D1:0
[  431537ms] [ERROR] Failed to load resource: net::ERR_TIMED_OUT @ https://match.new-programmatic.com/userbind?src=yandex&pbf=1&gi=1:0
[  431644ms] [ERROR] Failed to load resource: net::ERR_TIMED_OUT @ https://px.adhigh.net/p/cm/yandexssp:0
[  431654ms] [ERROR] Failed to load resource: net::ERR_TIMED_OUT @ https://match.targetrtb.com/userbind?src=yandex&pbf=1&gi=1:0
[  431654ms] [ERROR] Failed to load resource: net::ERR_TIMED_OUT @ https://rtb.dynotech.io/yndx/sync/:0
[  432054ms] [ERROR] Failed to load resource: net::ERR_TIMED_OUT @ https://sm.rtb.mts.ru/p?ssp=yandex&id=map:0
[  432057ms] [ERROR] Failed to load resource: net::ERR_TIMED_OUT @ https://ssp.adriver.ru/cgi-bin/sync.cgi?dsp_id=109:0
[  432057ms] [ERROR] Failed to load resource: net::ERR_TIMED_OUT @ https://ssp.adriver.ru/cgi-bin/sync.cgi?ssp_id=19:0
[  432060ms] [ERROR] Failed to load resource: net::ERR_TIMED_OUT @ https://mitdmp.whiteboxdigital.ru/pixel?id=a&source=yandex&redirect=false&href=https%3A%2F%2Fyandex.ru%2Fan%2Fmapuid%2Fqbitis%2F%7Bmiid%7D:0
[  432282ms] [ERROR] Failed to load resource: net::ERR_TIMED_OUT @ https://shopnetic.com/api/rtb/dmp/pixel?partner=yandex:0
[  432293ms] [ERROR] Failed to load resource: net::ERR_TIMED_OUT @ https://sp.linkssp.ru/cm?key=e4fb10164a09f3d874b563de89b97a56&location=http%3A%2F%2Fyandex.ru%2Fan%2Fmapuid%2Flinksspis%2F%7Buid%7D:0
[  432789ms] [ERROR] Failed to load resource: net::ERR_TIMED_OUT @ https://tracker.smartcallback.ru/matching/yandex-direct:0
[  432791ms] [ERROR] Failed to load resource: net::ERR_TIMED_OUT @ https://tt.ttarget.ru/rtb/ya/sync:0
[  433178ms] [ERROR] Failed to load resource: net::ERR_TIMED_OUT @ https://x01.aidata.io/0.gif?pid=YANDEX:0
[  433178ms] [ERROR] Failed to load resource: net::ERR_TIMED_OUT @ https://yandex-dmp-sync.rutarget.ru/sync:0
[  433271ms] [ERROR] Failed to load resource: net::ERR_TIMED_OUT @ https://yandex-sync.rutarget.ru/sync:0
[  434476ms] [ERROR] Failed to load resource: net::ERR_TIMED_OUT @ https://sync.rambler.ru/set?partner_id=36a1b4b3-9d59-479f-85db-186cc7b166c5&id=46BDDDBEB77A4D9F:0
[  438722ms] [ERROR] Failed to load resource: net::ERR_TIMED_OUT @ https://exchange.buzzoola.com/cookiesync/redirect?redirect_url=https%3A%2F%2Fkimberlite.io%2Frtb%2Fsync%2Fbuzzoola%3Fu%3D%24%7BUUID%7D%26f%3Dhttp%253A%252F%252Fyandex.ru%252Fan%252Fmapuid%252Fsoltadspis%252FaaBDhZRig54%26n%3D1:0
[  767601ms] [ERROR] Failed to load resource: the server responded with a status of 504 () @ https://verify.yandex.ru/verify_smartis/register/yandex-direct/impression?campaign_id=706894487&ad_id=17608123913&keyword=%7Bkeyword%7D&device_type=desktop&source=habr.com&source_type=context&region_name=%D0%9C%D0%BE%D1%81%D0%BA%D0%B2%D0%B0&yclid=12256750482445303807&clientid=1305&rnd=1917501326&yandexuid=7243566118653291641&banner-id=72057611646051849&order-id=706894487&hit-log-id=850369332150876787&viewability-undetermined=0:0
[  830300ms] [ERROR] Failed to load resource: net::ERR_TIMED_OUT @ https://ad.adriver.ru/cgi-bin/rle.cgi?sid=1&bt=55&ad=833343&pid=4725894&bid=13984248&bn=13984248&exss=&exs0=yandex&exs6=%D0%9C%D0%BE%D1%81%D0%BA%D0%B2%D0%B0%2C213&exs10=&exs11=&exs12=&exs13=&exs14=&rnd=373703471&viewability-undetermined=0:0
[  891554ms] [ERROR] Failed to load resource: net::ERR_TIMED_OUT @ https://ad.adriver.ru/cgi-bin/rle.cgi?sid=1&bt=55&ad=833331&pid=4725677&bid=14000655&bn=14000655&exss=&exs0=yandex&exs6=%7Bregion_name%7D%2C%7Bregion_id%7D&exs10=%7BANDROID_ID_LC_SH1_HEX%7D&exs11=%7BGOOGLE_AID_LC_SH1_HEX%7D&exs12=%7BIDFA_UC_SH1_HEX%7D&exs13=%7BIDFA_UC_MD5_HEX%7D&exs14=%7BOAID_LC_SH1_HEX%7D&rnd=1623567173&viewability-undetermined=0:0
[  404593ms] [ERROR] Failed to load resource: net::ERR_NAME_NOT_RESOLVED @ https://rtb-eu-warsaw.intent.ai/um/y:0
[  405723ms] [ERROR] Failed to load resource: the server responded with a status of 404 () @ https://yandex.ru/an/mapuid/onetargetis/10e282ff-2bd3-451f-ab10-cdae05b37595:0
[  412045ms] [ERROR] Failed to load resource: net::ERR_CONNECTION_CLOSED @ https://sync.gonet-ads.com/match/yandex?id=[buyerUid]:0
[  413930ms] [ERROR] Failed to load resource: net::ERR_TIMED_OUT @ https://a.adspector.io/sync?ssp=69:0
[  414082ms] [ERROR] Failed to load resource: net::ERR_TIMED_OUT @ https://bs.serving-sys.ru/Serving/adServer.bs?cn=sync&c=2&pli=1088653317&rtu=https%3A%2F%2Fyandex.ru%2Fan%2Fmapuid%2Fyaadserving%2F:0
[  414883ms] [ERROR] Failed to load resource: net::ERR_TIMED_OUT @ https://cmr.bidderstack.com/yandex/cm?user_id=:0
[  415951ms] [ERROR] Failed to load resource: net::ERR_TIMED_OUT @ https://cr-frontend.weborama-tech.ru/cr?key=yandex&url=https%3A%2F%2Fyandex.ru%2Fan%2Fmapuid%2Fdmpweborama%2F{WEBO_CID}:0
[  416095ms] [ERROR] Failed to load resource: net::ERR_TIMED_OUT @ https://dmg.digitaltarget.ru/1/119/i/i?i=1772110718:0
[  417227ms] [ERROR] Failed to load resource: net::ERR_TIMED_OUT @ https://exchange.buzzoola.com/cookiesync/redirect/yandex?redirect_url=https%3A%2F%2Fyandex.ru%2Fan%2Fmapuid%2Fbuzzooladspis%2F%24%7BUUID%7D:0
[  418534ms] [ERROR] Failed to load resource: net::ERR_TIMED_OUT @ https://exchange.buzzoola.com/cookiesync/redirect?redirect_url=https%3A%2F%2Fkimberlite.io%2Frtb%2Fsync%2Fbuzzoola%3Fu%3D%24%7BUUID%7D%26f%3Dhttp%253A%252F%252Fyandex.ru%252Fan%252Fmapuid%252Fsoltadspis%252FaaBDhZRig54%26n%3D1:0
[  431537ms] [ERROR] Failed to load resource: net::ERR_TIMED_OUT @ https://match.new-programmatic.com/userbind?src=yandex&pbf=1&gi=1:0
[  431644ms] [ERROR] Failed to load resource: net::ERR_TIMED_OUT @ https://px.adhigh.net/p/cm/yandexssp:0
[  431654ms] [ERROR] Failed to load resource: net::ERR_TIMED_OUT @ https://match.targetrtb.com/userbind?src=yandex&pbf=1&gi=1:0
[  431654ms] [ERROR] Failed to load resource: net::ERR_TIMED_OUT @ https://rtb.dynotech.io/yndx/sync/:0
[  432054ms] [ERROR] Failed to load resource: net::ERR_TIMED_OUT @ https://sm.rtb.mts.ru/p?ssp=yandex&id=map:0
[  432057ms] [ERROR] Failed to load resource: net::ERR_TIMED_OUT @ https://ssp.adriver.ru/cgi-bin/sync.cgi?dsp_id=109:0
[  432057ms] [ERROR] Failed to load resource: net::ERR_TIMED_OUT @ https://ssp.adriver.ru/cgi-bin/sync.cgi?ssp_id=19:0
[  432060ms] [ERROR] Failed to load resource: net::ERR_TIMED_OUT @ https://mitdmp.whiteboxdigital.ru/pixel?id=a&source=yandex&redirect=false&href=https%3A%2F%2Fyandex.ru%2Fan%2Fmapuid%2Fqbitis%2F%7Bmiid%7D:0
[  432282ms] [ERROR] Failed to load resource: net::ERR_TIMED_OUT @ https://shopnetic.com/api/rtb/dmp/pixel?partner=yandex:0
[  432293ms] [ERROR] Failed to load resource: net::ERR_TIMED_OUT @ https://sp.linkssp.ru/cm?key=e4fb10164a09f3d874b563de89b97a56&location=http%3A%2F%2Fyandex.ru%2Fan%2Fmapuid%2Flinksspis%2F%7Buid%7D:0
[  432789ms] [ERROR] Failed to load resource: net::ERR_TIMED_OUT @ https://tracker.smartcallback.ru/matching/yandex-direct:0
[  432791ms] [ERROR] Failed to load resource: net::ERR_TIMED_OUT @ https://tt.ttarget.ru/rtb/ya/sync:0
[  433178ms] [ERROR] Failed to load resource: net::ERR_TIMED_OUT @ https://x01.aidata.io/0.gif?pid=YANDEX:0
[  433178ms] [ERROR] Failed to load resource: net::ERR_TIMED_OUT @ https://yandex-dmp-sync.rutarget.ru/sync:0
[  433271ms] [ERROR] Failed to load resource: net::ERR_TIMED_OUT @ https://yandex-sync.rutarget.ru/sync:0
[  434476ms] [ERROR] Failed to load resource: net::ERR_TIMED_OUT @ https://sync.rambler.ru/set?partner_id=36a1b4b3-9d59-479f-85db-186cc7b166c5&id=46BDDDBEB77A4D9F:0
[  438722ms] [ERROR] Failed to load resource: net::ERR_TIMED_OUT @ https://exchange.buzzoola.com/cookiesync/redirect?redirect_url=https%3A%2F%2Fkimberlite.io%2Frtb%2Fsync%2Fbuzzoola%3Fu%3D%24%7BUUID%7D%26f%3Dhttp%253A%252F%252Fyandex.ru%252Fan%252Fmapuid%252Fsoltadspis%252FaaBDhZRig54%26n%3D1:0
[  955004ms] [ERROR] Failed to load resource: net::ERR_TIMED_OUT @ https://ad.adriver.ru/cgi-bin/rle.cgi?sid=1&bt=55&ad=832270&pid=4706208&bid=13897230&bn=13897230&exss=&exs0=yandex&exs6=%D0%9C%D0%BE%D1%81%D0%BA%D0%B2%D0%B0%2C213&exs10=&exs11=&exs12=&exs13=&exs14=&rnd=1944536293&viewability-undetermined=0:0
[  404593ms] [ERROR] Failed to load resource: net::ERR_NAME_NOT_RESOLVED @ https://rtb-eu-warsaw.intent.ai/um/y:0
[  405723ms] [ERROR] Failed to load resource: the server responded with a status of 404 () @ https://yandex.ru/an/mapuid/onetargetis/10e282ff-2bd3-451f-ab10-cdae05b37595:0
[  412045ms] [ERROR] Failed to load resource: net::ERR_CONNECTION_CLOSED @ https://sync.gonet-ads.com/match/yandex?id=[buyerUid]:0
[  413930ms] [ERROR] Failed to load resource: net::ERR_TIMED_OUT @ https://a.adspector.io/sync?ssp=69:0
[  414082ms] [ERROR] Failed to load resource: net::ERR_TIMED_OUT @ https://bs.serving-sys.ru/Serving/adServer.bs?cn=sync&c=2&pli=1088653317&rtu=https%3A%2F%2Fyandex.ru%2Fan%2Fmapuid%2Fyaadserving%2F:0
[  414883ms] [ERROR] Failed to load resource: net::ERR_TIMED_OUT @ https://cmr.bidderstack.com/yandex/cm?user_id=:0
[  415951ms] [ERROR] Failed to load resource: net::ERR_TIMED_OUT @ https://cr-frontend.weborama-tech.ru/cr?key=yandex&url=https%3A%2F%2Fyandex.ru%2Fan%2Fmapuid%2Fdmpweborama%2F{WEBO_CID}:0
[  416095ms] [ERROR] Failed to load resource: net::ERR_TIMED_OUT @ https://dmg.digitaltarget.ru/1/119/i/i?i=1772110718:0
[  417227ms] [ERROR] Failed to load resource: net::ERR_TIMED_OUT @ https://exchange.buzzoola.com/cookiesync/redirect/yandex?redirect_url=https%3A%2F%2Fyandex.ru%2Fan%2Fmapuid%2Fbuzzooladspis%2F%24%7BUUID%7D:0
[  418534ms] [ERROR] Failed to load resource: net::ERR_TIMED_OUT @ https://exchange.buzzoola.com/cookiesync/redirect?redirect_url=https%3A%2F%2Fkimberlite.io%2Frtb%2Fsync%2Fbuzzoola%3Fu%3D%24%7BUUID%7D%26f%3Dhttp%253A%252F%252Fyandex.ru%252Fan%252Fmapuid%252Fsoltadspis%252FaaBDhZRig54%26n%3D1:0
[  431537ms] [ERROR] Failed to load resource: net::ERR_TIMED_OUT @ https://match.new-programmatic.com/userbind?src=yandex&pbf=1&gi=1:0
[  431644ms] [ERROR] Failed to load resource: net::ERR_TIMED_OUT @ https://px.adhigh.net/p/cm/yandexssp:0
[  431654ms] [ERROR] Failed to load resource: net::ERR_TIMED_OUT @ https://match.targetrtb.com/userbind?src=yandex&pbf=1&gi=1:0
[  431654ms] [ERROR] Failed to load resource: net::ERR_TIMED_OUT @ https://rtb.dynotech.io/yndx/sync/:0
[  432054ms] [ERROR] Failed to load resource: net::ERR_TIMED_OUT @ https://sm.rtb.mts.ru/p?ssp=yandex&id=map:0
[  432057ms] [ERROR] Failed to load resource: net::ERR_TIMED_OUT @ https://ssp.adriver.ru/cgi-bin/sync.cgi?dsp_id=109:0
[  432057ms] [ERROR] Failed to load resource: net::ERR_TIMED_OUT @ https://ssp.adriver.ru/cgi-bin/sync.cgi?ssp_id=19:0
[  432060ms] [ERROR] Failed to load resource: net::ERR_TIMED_OUT @ https://mitdmp.whiteboxdigital.ru/pixel?id=a&source=yandex&redirect=false&href=https%3A%2F%2Fyandex.ru%2Fan%2Fmapuid%2Fqbitis%2F%7Bmiid%7D:0
[  432282ms] [ERROR] Failed to load resource: net::ERR_TIMED_OUT @ https://shopnetic.com/api/rtb/dmp/pixel?partner=yandex:0
[  432293ms] [ERROR] Failed to load resource: net::ERR_TIMED_OUT @ https://sp.linkssp.ru/cm?key=e4fb10164a09f3d874b563de89b97a56&location=http%3A%2F%2Fyandex.ru%2Fan%2Fmapuid%2Flinksspis%2F%7Buid%7D:0
[  432789ms] [ERROR] Failed to load resource: net::ERR_TIMED_OUT @ https://tracker.smartcallback.ru/matching/yandex-direct:0
[  432791ms] [ERROR] Failed to load resource: net::ERR_TIMED_OUT @ https://tt.ttarget.ru/rtb/ya/sync:0
[  433178ms] [ERROR] Failed to load resource: net::ERR_TIMED_OUT @ https://x01.aidata.io/0.gif?pid=YANDEX:0
[  433178ms] [ERROR] Failed to load resource: net::ERR_TIMED_OUT @ https://yandex-dmp-sync.rutarget.ru/sync:0
[  433271ms] [ERROR] Failed to load resource: net::ERR_TIMED_OUT @ https://yandex-sync.rutarget.ru/sync:0
[  434476ms] [ERROR] Failed to load resource: net::ERR_TIMED_OUT @ https://sync.rambler.ru/set?partner_id=36a1b4b3-9d59-479f-85db-186cc7b166c5&id=46BDDDBEB77A4D9F:0
[  438722ms] [ERROR] Failed to load resource: net::ERR_TIMED_OUT @ https://exchange.buzzoola.com/cookiesync/redirect?redirect_url=https%3A%2F%2Fkimberlite.io%2Frtb%2Fsync%2Fbuzzoola%3Fu%3D%24%7BUUID%7D%26f%3Dhttp%253A%252F%252Fyandex.ru%252Fan%252Fmapuid%252Fsoltadspis%252FaaBDhZRig54%26n%3D1:0
